time="2023-03-04T15:50:04+05:00" level=info msg="Creating router" func="main.main()" file="app.go 16"
time="2023-03-04T22:36:28+05:00" level=info msg="Creating router" func="main.main()" file="app.go 19"
time="2023-03-04T22:36:28+05:00" level=info msg="Read application configuration" func="github.com/jumaniyozov/grest/internal/config.GetConfig.func1()" file="config.go 24"
time="2023-03-04T22:36:28+05:00" level=info msg="Starting server..." func="main.start()" file="app.go 32"
time="2023-03-04T22:36:28+05:00" level=info msg="Listen tcp" func="main.start()" file="app.go 51"
time="2023-03-04T22:36:28+05:00" level=info msg="Starting application on 0.0.0.0:8080 " func="main.start()" file="app.go 65"
time="2023-03-04T22:42:54+05:00" level=info msg="Creating router" func="main.main()" file="app.go 19"
time="2023-03-04T22:42:54+05:00" level=info msg="Read application configuration" func="github.com/jumaniyozov/grest/internal/config.GetConfig.func1()" file="config.go 24"
time="2023-03-04T22:42:54+05:00" level=info msg="Starting server..." func="main.start()" file="app.go 32"
time="2023-03-04T22:42:54+05:00" level=info msg="Creating socket" func="main.start()" file="app.go 43"
time="2023-03-04T22:42:54+05:00" level=debug msg="Socket path: C:\\Users\\Juman\\AppData\\Local\\Temp\\go-build726055139\\b001\\exe/app.sock" func="main.start()" file="app.go 45"
time="2023-03-04T22:42:54+05:00" level=info msg="Listen unix socket" func="main.start()" file="app.go 47"
time="2023-03-04T22:46:57+05:00" level=info msg="Creating router" func="main.main()" file="app.go 19"
time="2023-03-04T22:46:57+05:00" level=info msg="Read application configuration" func="github.com/jumaniyozov/grest/internal/config.GetConfig.func1()" file="config.go 24"
time="2023-03-04T22:46:57+05:00" level=info msg="Starting server..." func="main.start()" file="app.go 32"
time="2023-03-04T22:46:57+05:00" level=info msg="Listen tcp" func="main.start()" file="app.go 52"
time="2023-03-04T22:46:57+05:00" level=info msg="Starting application on 0.0.0.0:8080 " func="main.start()" file="app.go 54"
time="2023-03-04T22:47:44+05:00" level=info msg="Creating router" func="main.main()" file="app.go 19"
time="2023-03-04T22:47:44+05:00" level=info msg="Read application configuration" func="github.com/jumaniyozov/grest/internal/config.GetConfig.func1()" file="config.go 24"
time="2023-03-04T22:47:44+05:00" level=info msg="Starting server..." func="main.start()" file="app.go 32"
time="2023-03-04T22:47:44+05:00" level=info msg="detect app path" func="main.start()" file="app.go 38"
time="2023-03-04T22:47:44+05:00" level=info msg="Creating socket" func="main.start()" file="app.go 44"
time="2023-03-04T22:47:44+05:00" level=info msg="Listen unix socket" func="main.start()" file="app.go 47"
time="2023-03-04T22:47:44+05:00" level=info msg="Socket path: C:\\Users\\Juman\\GolandProjects\\grest\\build/app.sock" func="main.start()" file="app.go 49"
